2020-12-15 11:36:15 [main] INFO  com.software.nju.DataScreenApplication -Starting DataScreenApplication on mysoul with PID 27604 (/home/lixing/IdeaProjects/dataScreen/target/classes started by lixing in /home/lixing/IdeaProjects/dataScreen)
2020-12-15 11:36:15 [main] INFO  com.software.nju.DataScreenApplication -The following profiles are active: dev
2020-12-15 11:36:16 [main] INFO  org.springframework.data.repository.config.RepositoryConfigurationDelegate -Bootstrapping Spring Data JPA repositories in DEFAULT mode.
2020-12-15 11:36:16 [main] INFO  org.springframework.data.repository.config.RepositoryConfigurationDelegate -Finished Spring Data repository scanning in 45ms. Found 5 JPA repository interfaces.
2020-12-15 11:36:16 [main] INFO  org.springframework.context.support.PostProcessorRegistrationDelegate$BeanPostProcessorChecker -Bean 'org.springframework.transaction.annotation.ProxyTransactionManagementConfiguration' of type [org.springframework.transaction.annotation.ProxyTransactionManagementConfiguration] is not eligible for getting processed by all BeanPostProcessors (for example: not eligible for auto-proxying)
2020-12-15 11:36:16 [main] INFO  org.springframework.boot.web.embedded.tomcat.TomcatWebServer -Tomcat initialized with port(s): 8211 (http)
2020-12-15 11:36:16 [main] INFO  org.apache.coyote.http11.Http11NioProtocol -Initializing ProtocolHandler ["http-nio-8211"]
2020-12-15 11:36:16 [main] INFO  org.apache.catalina.core.StandardService -Starting service [Tomcat]
2020-12-15 11:36:16 [main] INFO  org.apache.catalina.core.StandardEngine -Starting Servlet engine: [Apache Tomcat/9.0.30]
2020-12-15 11:36:16 [main] INFO  org.apache.catalina.core.ContainerBase.[Tomcat].[localhost].[/] -Initializing Spring embedded WebApplicationContext
2020-12-15 11:36:16 [main] INFO  org.springframework.web.context.ContextLoader -Root WebApplicationContext: initialization completed in 880 ms
2020-12-15 11:36:16 [main] INFO  com.alibaba.druid.pool.DruidDataSource -{dataSource-1} inited
2020-12-15 11:36:16 [main] INFO  org.hibernate.jpa.internal.util.LogHelper -HHH000204: Processing PersistenceUnitInfo [name: default]
2020-12-15 11:36:17 [main] INFO  org.hibernate.Version -HHH000412: Hibernate Core {5.4.10.Final}
2020-12-15 11:36:17 [main] INFO  org.hibernate.annotations.common.Version -HCANN000001: Hibernate Commons Annotations {5.1.0.Final}
2020-12-15 11:36:17 [main] INFO  org.hibernate.dialect.Dialect -HHH000400: Using dialect: org.hibernate.dialect.MySQL57Dialect
2020-12-15 11:36:17 [main] INFO  org.hibernate.engine.transaction.jta.platform.internal.JtaPlatformInitiator -HHH000490: Using JtaPlatform implementation: [org.hibernate.engine.transaction.jta.platform.internal.NoJtaPlatform]
2020-12-15 11:36:17 [main] INFO  org.springframework.orm.jpa.LocalContainerEntityManagerFactoryBean -Initialized JPA EntityManagerFactory for persistence unit 'default'
2020-12-15 11:36:17 [main] INFO  com.software.nju.SqlController.connection.ConnectionPoolUtils -创建静海数据库连接池
2020-12-15 11:36:17 [main] INFO  com.software.nju.SqlController.connection.ConnectionPoolUtils -创建高院数据库连接池
2020-12-15 11:36:18 [main] INFO  com.software.nju.SqlController.SQLHelper -获取高院连接：com.sybase.jdbc4.jdbc.SybConnection@3c28e5b6
2020-12-15 11:36:18 [main] INFO  com.software.nju.SqlController.SQLHelper -获取静海连接：com.sybase.jdbc4.jdbc.SybConnection@3a296107
2020-12-15 11:36:18 [main] WARN  org.springframework.boot.autoconfigure.orm.jpa.JpaBaseConfiguration$JpaWebConfiguration -spring.jpa.open-in-view is enabled by default. Therefore, database queries may be performed during view rendering. Explicitly configure spring.jpa.open-in-view to disable this warning
2020-12-15 11:36:18 [main] INFO  org.springframework.scheduling.concurrent.ThreadPoolTaskExecutor -Initializing ExecutorService 'applicationTaskExecutor'
2020-12-15 11:36:18 [main] INFO  org.springframework.scheduling.concurrent.ThreadPoolTaskScheduler -Initializing ExecutorService 'taskScheduler'
2020-12-15 11:36:18 [main] INFO  org.apache.coyote.http11.Http11NioProtocol -Starting ProtocolHandler ["http-nio-8211"]
2020-12-15 11:36:18 [main] INFO  org.springframework.boot.web.embedded.tomcat.TomcatWebServer -Tomcat started on port(s): 8211 (http) with context path ''
2020-12-15 11:36:18 [main] INFO  com.software.nju.DataScreenApplication -Started DataScreenApplication in 2.848 seconds (JVM running for 3.175)
2020-12-15 11:36:36 [http-nio-8211-exec-1] INFO  org.apache.catalina.core.ContainerBase.[Tomcat].[localhost].[/] -Initializing Spring DispatcherServlet 'dispatcherServlet'
2020-12-15 11:36:36 [http-nio-8211-exec-1] INFO  org.springframework.web.servlet.DispatcherServlet -Initializing Servlet 'dispatcherServlet'
2020-12-15 11:36:36 [http-nio-8211-exec-1] INFO  org.springframework.web.servlet.DispatcherServlet -Completed initialization in 4 ms
2020-12-15 11:36:36 [http-nio-8211-exec-1] INFO  com.software.nju.WebSocket.WebsocketServerEndpoint -onOpen >> 链接成功
2020-12-15 11:36:36 [http-nio-8211-exec-1] INFO  com.software.nju.WebSocket.WebsocketServerEndpoint -有新窗口开始监听：1, 当前在线人数为：1
2020-12-15 11:36:40 [scheduling-1] INFO  com.software.nju.Timer.SendMessageToWeb -发送数据
2020-12-15 11:36:50 [scheduling-1] INFO  com.software.nju.Timer.SendMessageToWeb -发送数据
2020-12-15 11:37:00 [scheduling-1] INFO  com.software.nju.Timer.SendMessageToWeb -发送数据
2020-12-15 11:37:06 [http-nio-8211-exec-2] INFO  com.software.nju.WebSocket.WebsocketServerEndpoint -onClose >> 链接关闭
2020-12-15 11:37:06 [http-nio-8211-exec-2] INFO  com.software.nju.WebSocket.WebsocketServerEndpoint -链接关闭，当前在线人数：0
2020-12-15 11:37:06 [http-nio-8211-exec-3] INFO  com.software.nju.WebSocket.WebsocketServerEndpoint -onOpen >> 链接成功
2020-12-15 11:37:06 [http-nio-8211-exec-3] INFO  com.software.nju.WebSocket.WebsocketServerEndpoint -有新窗口开始监听：1, 当前在线人数为：1
2020-12-15 11:37:10 [scheduling-1] INFO  com.software.nju.Timer.SendMessageToWeb -发送数据
2020-12-15 11:37:20 [scheduling-1] INFO  com.software.nju.Timer.SendMessageToWeb -发送数据
2020-12-15 11:37:30 [scheduling-1] INFO  com.software.nju.Timer.SendMessageToWeb -发送数据
2020-12-15 11:37:40 [scheduling-1] INFO  com.software.nju.Timer.SendMessageToWeb -发送数据
2020-12-15 11:37:50 [scheduling-1] INFO  com.software.nju.Timer.SendMessageToWeb -发送数据
2020-12-15 11:38:00 [scheduling-1] INFO  com.software.nju.Timer.SendMessageToWeb -发送数据
2020-12-15 11:38:10 [scheduling-1] INFO  com.software.nju.Timer.SendMessageToWeb -发送数据
2020-12-15 11:38:20 [scheduling-1] INFO  com.software.nju.Timer.SendMessageToWeb -发送数据
2020-12-15 11:38:29 [http-nio-8211-exec-4] INFO  com.software.nju.WebSocket.WebsocketServerEndpoint -onClose >> 链接关闭
2020-12-15 11:38:29 [http-nio-8211-exec-4] INFO  com.software.nju.WebSocket.WebsocketServerEndpoint -链接关闭，当前在线人数：0
2020-12-15 11:39:06 [SpringContextShutdownHook] INFO  org.springframework.scheduling.concurrent.ThreadPoolTaskScheduler -Shutting down ExecutorService 'taskScheduler'
2020-12-15 11:39:06 [SpringContextShutdownHook] INFO  org.springframework.scheduling.concurrent.ThreadPoolTaskExecutor -Shutting down ExecutorService 'applicationTaskExecutor'
2020-12-15 11:39:06 [SpringContextShutdownHook] INFO  org.springframework.orm.jpa.LocalContainerEntityManagerFactoryBean -Closing JPA EntityManagerFactory for persistence unit 'default'
2020-12-15 11:39:06 [SpringContextShutdownHook] INFO  com.alibaba.druid.pool.DruidDataSource -{dataSource-1} closed
2020-12-15 17:30:53 [main] INFO  com.software.nju.DataScreenApplication -Starting DataScreenApplication on mysoul with PID 19145 (/home/lixing/IdeaProjects/dataScreen/target/classes started by lixing in /home/lixing/IdeaProjects/dataScreen)
2020-12-15 17:30:53 [main] INFO  com.software.nju.DataScreenApplication -The following profiles are active: dev
2020-12-15 17:30:54 [main] INFO  org.springframework.data.repository.config.RepositoryConfigurationDelegate -Bootstrapping Spring Data JPA repositories in DEFAULT mode.
2020-12-15 17:30:54 [main] INFO  org.springframework.data.repository.config.RepositoryConfigurationDelegate -Finished Spring Data repository scanning in 43ms. Found 5 JPA repository interfaces.
2020-12-15 17:30:54 [main] INFO  org.springframework.context.support.PostProcessorRegistrationDelegate$BeanPostProcessorChecker -Bean 'org.springframework.transaction.annotation.ProxyTransactionManagementConfiguration' of type [org.springframework.transaction.annotation.ProxyTransactionManagementConfiguration] is not eligible for getting processed by all BeanPostProcessors (for example: not eligible for auto-proxying)
2020-12-15 17:30:54 [main] INFO  org.springframework.boot.web.embedded.tomcat.TomcatWebServer -Tomcat initialized with port(s): 8211 (http)
2020-12-15 17:30:54 [main] INFO  org.apache.coyote.http11.Http11NioProtocol -Initializing ProtocolHandler ["http-nio-8211"]
2020-12-15 17:30:54 [main] INFO  org.apache.catalina.core.StandardService -Starting service [Tomcat]
2020-12-15 17:30:54 [main] INFO  org.apache.catalina.core.StandardEngine -Starting Servlet engine: [Apache Tomcat/9.0.30]
2020-12-15 17:30:54 [main] INFO  org.apache.catalina.core.ContainerBase.[Tomcat].[localhost].[/] -Initializing Spring embedded WebApplicationContext
2020-12-15 17:30:54 [main] INFO  org.springframework.web.context.ContextLoader -Root WebApplicationContext: initialization completed in 768 ms
2020-12-15 17:30:54 [main] INFO  com.alibaba.druid.pool.DruidDataSource -{dataSource-1} inited
2020-12-15 17:30:54 [main] INFO  org.hibernate.jpa.internal.util.LogHelper -HHH000204: Processing PersistenceUnitInfo [name: default]
2020-12-15 17:30:54 [main] INFO  org.hibernate.Version -HHH000412: Hibernate Core {5.4.10.Final}
2020-12-15 17:30:54 [main] INFO  org.hibernate.annotations.common.Version -HCANN000001: Hibernate Commons Annotations {5.1.0.Final}
2020-12-15 17:30:54 [main] INFO  org.hibernate.dialect.Dialect -HHH000400: Using dialect: org.hibernate.dialect.MySQL57Dialect
2020-12-15 17:30:55 [main] INFO  org.hibernate.engine.transaction.jta.platform.internal.JtaPlatformInitiator -HHH000490: Using JtaPlatform implementation: [org.hibernate.engine.transaction.jta.platform.internal.NoJtaPlatform]
2020-12-15 17:30:55 [main] INFO  org.springframework.orm.jpa.LocalContainerEntityManagerFactoryBean -Initialized JPA EntityManagerFactory for persistence unit 'default'
2020-12-15 17:30:55 [main] INFO  com.software.nju.SqlController.connection.ConnectionPoolUtils -创建静海数据库连接池
2020-12-15 17:30:55 [main] INFO  com.software.nju.SqlController.connection.ConnectionPoolUtils -创建高院数据库连接池
2020-12-15 17:30:55 [main] INFO  com.software.nju.SqlController.SQLHelper -获取高院连接：com.sybase.jdbc4.jdbc.SybConnection@374c40ba
2020-12-15 17:30:55 [main] INFO  com.software.nju.SqlController.SQLHelper -获取静海连接：com.sybase.jdbc4.jdbc.SybConnection@6dcab9d9
2020-12-15 17:30:55 [main] WARN  org.springframework.boot.autoconfigure.orm.jpa.JpaBaseConfiguration$JpaWebConfiguration -spring.jpa.open-in-view is enabled by default. Therefore, database queries may be performed during view rendering. Explicitly configure spring.jpa.open-in-view to disable this warning
2020-12-15 17:30:55 [main] INFO  org.springframework.scheduling.concurrent.ThreadPoolTaskExecutor -Initializing ExecutorService 'applicationTaskExecutor'
2020-12-15 17:30:55 [main] INFO  org.springframework.scheduling.concurrent.ThreadPoolTaskScheduler -Initializing ExecutorService 'taskScheduler'
2020-12-15 17:30:55 [main] INFO  org.apache.coyote.http11.Http11NioProtocol -Starting ProtocolHandler ["http-nio-8211"]
2020-12-15 17:30:55 [main] INFO  org.springframework.boot.web.embedded.tomcat.TomcatWebServer -Tomcat started on port(s): 8211 (http) with context path ''
2020-12-15 17:30:55 [main] INFO  com.software.nju.DataScreenApplication -Started DataScreenApplication in 2.509 seconds (JVM running for 2.862)
2020-12-15 17:31:34 [http-nio-8211-exec-1] INFO  org.apache.catalina.core.ContainerBase.[Tomcat].[localhost].[/] -Initializing Spring DispatcherServlet 'dispatcherServlet'
2020-12-15 17:31:34 [http-nio-8211-exec-1] INFO  org.springframework.web.servlet.DispatcherServlet -Initializing Servlet 'dispatcherServlet'
2020-12-15 17:31:34 [http-nio-8211-exec-1] INFO  org.springframework.web.servlet.DispatcherServlet -Completed initialization in 6 ms
2020-12-15 17:31:34 [http-nio-8211-exec-1] INFO  com.software.nju.WebSocket.WebsocketServerEndpoint -onOpen >> 链接成功
2020-12-15 17:31:34 [http-nio-8211-exec-1] INFO  com.software.nju.WebSocket.WebsocketServerEndpoint -有新窗口开始监听：1, 当前在线人数为：1
2020-12-15 17:31:40 [scheduling-1] INFO  com.software.nju.Timer.SendMessageToWeb -发送数据
2020-12-15 17:31:50 [scheduling-1] INFO  com.software.nju.Timer.SendMessageToWeb -发送数据
2020-12-15 17:32:00 [scheduling-1] INFO  com.software.nju.Timer.SendMessageToWeb -发送数据
2020-12-15 17:32:09 [http-nio-8211-exec-2] INFO  com.software.nju.WebSocket.WebsocketServerEndpoint -onClose >> 链接关闭
2020-12-15 17:32:09 [http-nio-8211-exec-2] INFO  com.software.nju.WebSocket.WebsocketServerEndpoint -链接关闭，当前在线人数：0
2020-12-15 17:32:20 [http-nio-8211-exec-3] INFO  com.software.nju.WebSocket.WebsocketServerEndpoint -onOpen >> 链接成功
2020-12-15 17:32:20 [http-nio-8211-exec-3] INFO  com.software.nju.WebSocket.WebsocketServerEndpoint -有新窗口开始监听：1, 当前在线人数为：1
2020-12-15 17:32:30 [scheduling-1] INFO  com.software.nju.Timer.SendMessageToWeb -发送数据
2020-12-15 17:32:35 [SpringContextShutdownHook] INFO  org.springframework.scheduling.concurrent.ThreadPoolTaskScheduler -Shutting down ExecutorService 'taskScheduler'
2020-12-15 17:32:35 [SpringContextShutdownHook] INFO  org.springframework.scheduling.concurrent.ThreadPoolTaskExecutor -Shutting down ExecutorService 'applicationTaskExecutor'
2020-12-15 17:32:35 [SpringContextShutdownHook] INFO  org.springframework.orm.jpa.LocalContainerEntityManagerFactoryBean -Closing JPA EntityManagerFactory for persistence unit 'default'
2020-12-15 17:32:35 [SpringContextShutdownHook] INFO  com.alibaba.druid.pool.DruidDataSource -{dataSource-1} closed
2020-12-15 17:32:35 [SpringContextShutdownHook] INFO  com.software.nju.WebSocket.WebsocketServerEndpoint -onClose >> 链接关闭
2020-12-15 17:32:35 [SpringContextShutdownHook] INFO  com.software.nju.WebSocket.WebsocketServerEndpoint -链接关闭，当前在线人数：0
2020-12-15 17:40:49 [main] INFO  com.software.nju.DataScreenApplication -Starting DataScreenApplication on mysoul with PID 20792 (/home/lixing/IdeaProjects/dataScreen/target/classes started by lixing in /home/lixing/IdeaProjects/dataScreen)
2020-12-15 17:40:49 [main] INFO  com.software.nju.DataScreenApplication -The following profiles are active: dev
2020-12-15 17:40:50 [main] INFO  org.springframework.data.repository.config.RepositoryConfigurationDelegate -Bootstrapping Spring Data JPA repositories in DEFAULT mode.
2020-12-15 17:40:50 [main] INFO  org.springframework.data.repository.config.RepositoryConfigurationDelegate -Finished Spring Data repository scanning in 42ms. Found 5 JPA repository interfaces.
2020-12-15 17:40:50 [main] INFO  org.springframework.context.support.PostProcessorRegistrationDelegate$BeanPostProcessorChecker -Bean 'org.springframework.transaction.annotation.ProxyTransactionManagementConfiguration' of type [org.springframework.transaction.annotation.ProxyTransactionManagementConfiguration] is not eligible for getting processed by all BeanPostProcessors (for example: not eligible for auto-proxying)
2020-12-15 17:40:50 [main] INFO  org.springframework.boot.web.embedded.tomcat.TomcatWebServer -Tomcat initialized with port(s): 8211 (http)
2020-12-15 17:40:50 [main] INFO  org.apache.coyote.http11.Http11NioProtocol -Initializing ProtocolHandler ["http-nio-8211"]
2020-12-15 17:40:50 [main] INFO  org.apache.catalina.core.StandardService -Starting service [Tomcat]
2020-12-15 17:40:50 [main] INFO  org.apache.catalina.core.StandardEngine -Starting Servlet engine: [Apache Tomcat/9.0.30]
2020-12-15 17:40:50 [main] INFO  org.apache.catalina.core.ContainerBase.[Tomcat].[localhost].[/] -Initializing Spring embedded WebApplicationContext
2020-12-15 17:40:50 [main] INFO  org.springframework.web.context.ContextLoader -Root WebApplicationContext: initialization completed in 779 ms
2020-12-15 17:40:50 [main] INFO  com.alibaba.druid.pool.DruidDataSource -{dataSource-1} inited
2020-12-15 17:40:51 [main] INFO  org.hibernate.jpa.internal.util.LogHelper -HHH000204: Processing PersistenceUnitInfo [name: default]
2020-12-15 17:40:51 [main] INFO  org.hibernate.Version -HHH000412: Hibernate Core {5.4.10.Final}
2020-12-15 17:40:51 [main] INFO  org.hibernate.annotations.common.Version -HCANN000001: Hibernate Commons Annotations {5.1.0.Final}
2020-12-15 17:40:51 [main] INFO  org.hibernate.dialect.Dialect -HHH000400: Using dialect: org.hibernate.dialect.MySQL57Dialect
2020-12-15 17:40:51 [main] INFO  org.hibernate.engine.transaction.jta.platform.internal.JtaPlatformInitiator -HHH000490: Using JtaPlatform implementation: [org.hibernate.engine.transaction.jta.platform.internal.NoJtaPlatform]
2020-12-15 17:40:51 [main] INFO  org.springframework.orm.jpa.LocalContainerEntityManagerFactoryBean -Initialized JPA EntityManagerFactory for persistence unit 'default'
2020-12-15 17:40:51 [main] INFO  com.software.nju.SqlController.connection.ConnectionPoolUtils -创建静海数据库连接池
2020-12-15 17:41:33 [main] INFO  com.software.nju.DataScreenApplication -Starting DataScreenApplication on mysoul with PID 21195 (/home/lixing/IdeaProjects/dataScreen/target/classes started by lixing in /home/lixing/IdeaProjects/dataScreen)
2020-12-15 17:41:33 [main] INFO  com.software.nju.DataScreenApplication -The following profiles are active: dev
2020-12-15 17:41:33 [main] INFO  org.springframework.data.repository.config.RepositoryConfigurationDelegate -Bootstrapping Spring Data JPA repositories in DEFAULT mode.
2020-12-15 17:41:33 [main] INFO  org.springframework.data.repository.config.RepositoryConfigurationDelegate -Finished Spring Data repository scanning in 40ms. Found 5 JPA repository interfaces.
2020-12-15 17:41:33 [main] INFO  org.springframework.context.support.PostProcessorRegistrationDelegate$BeanPostProcessorChecker -Bean 'org.springframework.transaction.annotation.ProxyTransactionManagementConfiguration' of type [org.springframework.transaction.annotation.ProxyTransactionManagementConfiguration] is not eligible for getting processed by all BeanPostProcessors (for example: not eligible for auto-proxying)
2020-12-15 17:41:33 [main] INFO  org.springframework.boot.web.embedded.tomcat.TomcatWebServer -Tomcat initialized with port(s): 8211 (http)
2020-12-15 17:41:33 [main] INFO  org.apache.coyote.http11.Http11NioProtocol -Initializing ProtocolHandler ["http-nio-8211"]
2020-12-15 17:41:33 [main] INFO  org.apache.catalina.core.StandardService -Starting service [Tomcat]
2020-12-15 17:41:33 [main] INFO  org.apache.catalina.core.StandardEngine -Starting Servlet engine: [Apache Tomcat/9.0.30]
2020-12-15 17:41:34 [main] INFO  org.apache.catalina.core.ContainerBase.[Tomcat].[localhost].[/] -Initializing Spring embedded WebApplicationContext
2020-12-15 17:41:34 [main] INFO  org.springframework.web.context.ContextLoader -Root WebApplicationContext: initialization completed in 771 ms
2020-12-15 17:41:34 [main] INFO  com.alibaba.druid.pool.DruidDataSource -{dataSource-1} inited
2020-12-15 17:41:34 [main] INFO  org.hibernate.jpa.internal.util.LogHelper -HHH000204: Processing PersistenceUnitInfo [name: default]
2020-12-15 17:41:34 [main] INFO  org.hibernate.Version -HHH000412: Hibernate Core {5.4.10.Final}
2020-12-15 17:41:34 [main] INFO  org.hibernate.annotations.common.Version -HCANN000001: Hibernate Commons Annotations {5.1.0.Final}
2020-12-15 17:41:34 [main] INFO  org.hibernate.dialect.Dialect -HHH000400: Using dialect: org.hibernate.dialect.MySQL57Dialect
2020-12-15 17:41:34 [main] INFO  org.hibernate.engine.transaction.jta.platform.internal.JtaPlatformInitiator -HHH000490: Using JtaPlatform implementation: [org.hibernate.engine.transaction.jta.platform.internal.NoJtaPlatform]
2020-12-15 17:41:34 [main] INFO  org.springframework.orm.jpa.LocalContainerEntityManagerFactoryBean -Initialized JPA EntityManagerFactory for persistence unit 'default'
2020-12-15 17:41:34 [main] INFO  com.software.nju.SqlController.connection.ConnectionPoolUtils -创建静海数据库连接池
2020-12-15 17:41:46 [main] INFO  com.software.nju.DataScreenApplication -Starting DataScreenApplication on mysoul with PID 21412 (/home/lixing/IdeaProjects/dataScreen/target/classes started by lixing in /home/lixing/IdeaProjects/dataScreen)
2020-12-15 17:41:46 [main] INFO  com.software.nju.DataScreenApplication -The following profiles are active: dev
2020-12-15 17:41:47 [main] INFO  org.springframework.data.repository.config.RepositoryConfigurationDelegate -Bootstrapping Spring Data JPA repositories in DEFAULT mode.
2020-12-15 17:41:47 [main] INFO  org.springframework.data.repository.config.RepositoryConfigurationDelegate -Finished Spring Data repository scanning in 41ms. Found 5 JPA repository interfaces.
2020-12-15 17:41:47 [main] INFO  org.springframework.context.support.PostProcessorRegistrationDelegate$BeanPostProcessorChecker -Bean 'org.springframework.transaction.annotation.ProxyTransactionManagementConfiguration' of type [org.springframework.transaction.annotation.ProxyTransactionManagementConfiguration] is not eligible for getting processed by all BeanPostProcessors (for example: not eligible for auto-proxying)
2020-12-15 17:41:47 [main] INFO  org.springframework.boot.web.embedded.tomcat.TomcatWebServer -Tomcat initialized with port(s): 8211 (http)
2020-12-15 17:41:47 [main] INFO  org.apache.coyote.http11.Http11NioProtocol -Initializing ProtocolHandler ["http-nio-8211"]
2020-12-15 17:41:47 [main] INFO  org.apache.catalina.core.StandardService -Starting service [Tomcat]
2020-12-15 17:41:47 [main] INFO  org.apache.catalina.core.StandardEngine -Starting Servlet engine: [Apache Tomcat/9.0.30]
2020-12-15 17:41:47 [main] INFO  org.apache.catalina.core.ContainerBase.[Tomcat].[localhost].[/] -Initializing Spring embedded WebApplicationContext
2020-12-15 17:41:47 [main] INFO  org.springframework.web.context.ContextLoader -Root WebApplicationContext: initialization completed in 784 ms
2020-12-15 17:41:47 [main] INFO  com.alibaba.druid.pool.DruidDataSource -{dataSource-1} inited
2020-12-15 17:41:48 [main] INFO  org.hibernate.jpa.internal.util.LogHelper -HHH000204: Processing PersistenceUnitInfo [name: default]
2020-12-15 17:41:48 [main] INFO  org.hibernate.Version -HHH000412: Hibernate Core {5.4.10.Final}
2020-12-15 17:41:48 [main] INFO  org.hibernate.annotations.common.Version -HCANN000001: Hibernate Commons Annotations {5.1.0.Final}
2020-12-15 17:41:48 [main] INFO  org.hibernate.dialect.Dialect -HHH000400: Using dialect: org.hibernate.dialect.MySQL57Dialect
2020-12-15 17:41:48 [main] INFO  org.hibernate.engine.transaction.jta.platform.internal.JtaPlatformInitiator -HHH000490: Using JtaPlatform implementation: [org.hibernate.engine.transaction.jta.platform.internal.NoJtaPlatform]
2020-12-15 17:41:48 [main] INFO  org.springframework.orm.jpa.LocalContainerEntityManagerFactoryBean -Initialized JPA EntityManagerFactory for persistence unit 'default'
2020-12-15 17:41:48 [main] INFO  com.software.nju.SqlController.connection.ConnectionPoolUtils -创建静海数据库连接池
2020-12-15 17:41:48 [main] INFO  com.software.nju.SqlController.connection.ConnectionPoolUtils -创建高院数据库连接池
2020-12-15 17:41:48 [main] INFO  com.software.nju.SqlController.SQLHelper -获取高院连接：com.sybase.jdbc4.jdbc.SybConnection@7f27f59b
2020-12-15 17:41:48 [main] INFO  com.software.nju.SqlController.SQLHelper -获取静海连接：com.sybase.jdbc4.jdbc.SybConnection@45801322
2020-12-15 17:41:48 [main] WARN  org.springframework.boot.autoconfigure.orm.jpa.JpaBaseConfiguration$JpaWebConfiguration -spring.jpa.open-in-view is enabled by default. Therefore, database queries may be performed during view rendering. Explicitly configure spring.jpa.open-in-view to disable this warning
2020-12-15 17:41:48 [main] INFO  org.springframework.scheduling.concurrent.ThreadPoolTaskExecutor -Initializing ExecutorService 'applicationTaskExecutor'
2020-12-15 17:41:48 [main] INFO  org.springframework.scheduling.concurrent.ThreadPoolTaskScheduler -Initializing ExecutorService 'taskScheduler'
2020-12-15 17:41:49 [main] INFO  org.apache.coyote.http11.Http11NioProtocol -Starting ProtocolHandler ["http-nio-8211"]
2020-12-15 17:41:49 [main] INFO  org.springframework.boot.web.embedded.tomcat.TomcatWebServer -Tomcat started on port(s): 8211 (http) with context path ''
2020-12-15 17:41:49 [main] INFO  com.software.nju.DataScreenApplication -Started DataScreenApplication in 2.411 seconds (JVM running for 2.737)
2020-12-15 17:41:59 [http-nio-8211-exec-1] INFO  org.apache.catalina.core.ContainerBase.[Tomcat].[localhost].[/] -Initializing Spring DispatcherServlet 'dispatcherServlet'
2020-12-15 17:41:59 [http-nio-8211-exec-1] INFO  org.springframework.web.servlet.DispatcherServlet -Initializing Servlet 'dispatcherServlet'
2020-12-15 17:41:59 [http-nio-8211-exec-1] INFO  org.springframework.web.servlet.DispatcherServlet -Completed initialization in 5 ms
2020-12-15 17:41:59 [http-nio-8211-exec-1] INFO  com.software.nju.WebSocket.WebsocketServerEndpoint -onOpen >> 链接成功
2020-12-15 17:41:59 [http-nio-8211-exec-1] INFO  com.software.nju.WebSocket.WebsocketServerEndpoint -有新窗口开始监听：1, 当前在线人数为：1
2020-12-15 17:42:00 [scheduling-1] INFO  com.software.nju.Timer.SendMessageToWeb -发送数据
2020-12-15 17:42:10 [scheduling-1] INFO  com.software.nju.Timer.SendMessageToWeb -发送数据
2020-12-15 17:42:20 [scheduling-1] INFO  com.software.nju.Timer.SendMessageToWeb -发送数据
2020-12-15 17:42:30 [scheduling-1] INFO  com.software.nju.Timer.SendMessageToWeb -发送数据
2020-12-15 17:42:40 [scheduling-1] INFO  com.software.nju.Timer.SendMessageToWeb -发送数据
2020-12-15 17:42:50 [scheduling-1] INFO  com.software.nju.Timer.SendMessageToWeb -发送数据
2020-12-15 17:42:56 [SpringContextShutdownHook] INFO  org.springframework.scheduling.concurrent.ThreadPoolTaskScheduler -Shutting down ExecutorService 'taskScheduler'
2020-12-15 17:42:56 [SpringContextShutdownHook] INFO  org.springframework.scheduling.concurrent.ThreadPoolTaskExecutor -Shutting down ExecutorService 'applicationTaskExecutor'
2020-12-15 17:42:56 [SpringContextShutdownHook] INFO  org.springframework.orm.jpa.LocalContainerEntityManagerFactoryBean -Closing JPA EntityManagerFactory for persistence unit 'default'
2020-12-15 17:42:56 [SpringContextShutdownHook] INFO  com.alibaba.druid.pool.DruidDataSource -{dataSource-1} closed
2020-12-15 17:42:56 [SpringContextShutdownHook] INFO  com.software.nju.WebSocket.WebsocketServerEndpoint -onClose >> 链接关闭
2020-12-15 17:42:56 [SpringContextShutdownHook] INFO  com.software.nju.WebSocket.WebsocketServerEndpoint -链接关闭，当前在线人数：0
2020-12-15 17:43:03 [main] INFO  com.software.nju.DataScreenApplication -Starting DataScreenApplication on mysoul with PID 21647 (/home/lixing/IdeaProjects/dataScreen/target/classes started by lixing in /home/lixing/IdeaProjects/dataScreen)
2020-12-15 17:43:03 [main] INFO  com.software.nju.DataScreenApplication -The following profiles are active: dev
2020-12-15 17:43:04 [main] INFO  org.springframework.data.repository.config.RepositoryConfigurationDelegate -Bootstrapping Spring Data JPA repositories in DEFAULT mode.
2020-12-15 17:43:04 [main] INFO  org.springframework.data.repository.config.RepositoryConfigurationDelegate -Finished Spring Data repository scanning in 40ms. Found 5 JPA repository interfaces.
2020-12-15 17:43:04 [main] INFO  org.springframework.context.support.PostProcessorRegistrationDelegate$BeanPostProcessorChecker -Bean 'org.springframework.transaction.annotation.ProxyTransactionManagementConfiguration' of type [org.springframework.transaction.annotation.ProxyTransactionManagementConfiguration] is not eligible for getting processed by all BeanPostProcessors (for example: not eligible for auto-proxying)
2020-12-15 17:43:04 [main] INFO  org.springframework.boot.web.embedded.tomcat.TomcatWebServer -Tomcat initialized with port(s): 8211 (http)
2020-12-15 17:43:04 [main] INFO  org.apache.coyote.http11.Http11NioProtocol -Initializing ProtocolHandler ["http-nio-8211"]
2020-12-15 17:43:04 [main] INFO  org.apache.catalina.core.StandardService -Starting service [Tomcat]
2020-12-15 17:43:04 [main] INFO  org.apache.catalina.core.StandardEngine -Starting Servlet engine: [Apache Tomcat/9.0.30]
2020-12-15 17:43:04 [main] INFO  org.apache.catalina.core.ContainerBase.[Tomcat].[localhost].[/] -Initializing Spring embedded WebApplicationContext
2020-12-15 17:43:04 [main] INFO  org.springframework.web.context.ContextLoader -Root WebApplicationContext: initialization completed in 748 ms
2020-12-15 17:43:04 [main] INFO  com.alibaba.druid.pool.DruidDataSource -{dataSource-1} inited
2020-12-15 17:43:04 [main] INFO  org.hibernate.jpa.internal.util.LogHelper -HHH000204: Processing PersistenceUnitInfo [name: default]
2020-12-15 17:43:04 [main] INFO  org.hibernate.Version -HHH000412: Hibernate Core {5.4.10.Final}
2020-12-15 17:43:04 [main] INFO  org.hibernate.annotations.common.Version -HCANN000001: Hibernate Commons Annotations {5.1.0.Final}
2020-12-15 17:43:04 [main] INFO  org.hibernate.dialect.Dialect -HHH000400: Using dialect: org.hibernate.dialect.MySQL57Dialect
2020-12-15 17:43:05 [main] INFO  org.hibernate.engine.transaction.jta.platform.internal.JtaPlatformInitiator -HHH000490: Using JtaPlatform implementation: [org.hibernate.engine.transaction.jta.platform.internal.NoJtaPlatform]
2020-12-15 17:43:05 [main] INFO  org.springframework.orm.jpa.LocalContainerEntityManagerFactoryBean -Initialized JPA EntityManagerFactory for persistence unit 'default'
2020-12-15 17:43:05 [main] INFO  com.software.nju.SqlController.connection.ConnectionPoolUtils -创建静海数据库连接池
2020-12-15 17:43:05 [main] INFO  com.software.nju.SqlController.connection.ConnectionPoolUtils -创建高院数据库连接池
2020-12-15 17:43:05 [main] INFO  com.software.nju.SqlController.SQLHelper -获取高院连接：com.sybase.jdbc4.jdbc.SybConnection@102c18e
2020-12-15 17:43:05 [main] INFO  com.software.nju.SqlController.SQLHelper -获取静海连接：com.sybase.jdbc4.jdbc.SybConnection@65eb3597
2020-12-15 17:43:05 [main] WARN  org.springframework.boot.autoconfigure.orm.jpa.JpaBaseConfiguration$JpaWebConfiguration -spring.jpa.open-in-view is enabled by default. Therefore, database queries may be performed during view rendering. Explicitly configure spring.jpa.open-in-view to disable this warning
2020-12-15 17:43:05 [main] INFO  org.springframework.scheduling.concurrent.ThreadPoolTaskExecutor -Initializing ExecutorService 'applicationTaskExecutor'
2020-12-15 17:43:05 [main] INFO  org.springframework.scheduling.concurrent.ThreadPoolTaskScheduler -Initializing ExecutorService 'taskScheduler'
2020-12-15 17:43:05 [main] INFO  org.apache.coyote.http11.Http11NioProtocol -Starting ProtocolHandler ["http-nio-8211"]
2020-12-15 17:43:05 [main] INFO  org.springframework.boot.web.embedded.tomcat.TomcatWebServer -Tomcat started on port(s): 8211 (http) with context path ''
2020-12-15 17:43:05 [main] INFO  com.software.nju.DataScreenApplication -Started DataScreenApplication in 2.368 seconds (JVM running for 2.652)
2020-12-15 17:43:13 [http-nio-8211-exec-1] INFO  org.apache.catalina.core.ContainerBase.[Tomcat].[localhost].[/] -Initializing Spring DispatcherServlet 'dispatcherServlet'
2020-12-15 17:43:13 [http-nio-8211-exec-1] INFO  org.springframework.web.servlet.DispatcherServlet -Initializing Servlet 'dispatcherServlet'
2020-12-15 17:43:13 [http-nio-8211-exec-1] INFO  org.springframework.web.servlet.DispatcherServlet -Completed initialization in 4 ms
2020-12-15 17:43:13 [http-nio-8211-exec-1] INFO  com.software.nju.WebSocket.WebsocketServerEndpoint -onOpen >> 链接成功
2020-12-15 17:43:13 [http-nio-8211-exec-1] INFO  com.software.nju.WebSocket.WebsocketServerEndpoint -有新窗口开始监听：1, 当前在线人数为：1
2020-12-15 17:43:13 [http-nio-8211-exec-1] ERROR com.software.nju.WebSocket.WebsocketServerEndpoint -java.lang.NullPointerException
2020-12-15 17:43:20 [scheduling-1] INFO  com.software.nju.Timer.SendMessageToWeb -发送数据
2020-12-15 17:43:24 [http-nio-8211-exec-2] INFO  com.software.nju.WebSocket.WebsocketServerEndpoint -onClose >> 链接关闭
2020-12-15 17:43:24 [http-nio-8211-exec-2] INFO  com.software.nju.WebSocket.WebsocketServerEndpoint -链接关闭，当前在线人数：0
2020-12-15 17:44:25 [SpringContextShutdownHook] INFO  org.springframework.scheduling.concurrent.ThreadPoolTaskScheduler -Shutting down ExecutorService 'taskScheduler'
2020-12-15 17:44:25 [SpringContextShutdownHook] INFO  org.springframework.scheduling.concurrent.ThreadPoolTaskExecutor -Shutting down ExecutorService 'applicationTaskExecutor'
2020-12-15 17:44:25 [SpringContextShutdownHook] INFO  org.springframework.orm.jpa.LocalContainerEntityManagerFactoryBean -Closing JPA EntityManagerFactory for persistence unit 'default'
2020-12-15 17:44:25 [SpringContextShutdownHook] INFO  com.alibaba.druid.pool.DruidDataSource -{dataSource-1} closed
2020-12-15 17:44:30 [main] INFO  com.software.nju.DataScreenApplication -Starting DataScreenApplication on mysoul with PID 21875 (/home/lixing/IdeaProjects/dataScreen/target/classes started by lixing in /home/lixing/IdeaProjects/dataScreen)
2020-12-15 17:44:30 [main] INFO  com.software.nju.DataScreenApplication -The following profiles are active: dev
2020-12-15 17:44:31 [main] INFO  org.springframework.data.repository.config.RepositoryConfigurationDelegate -Bootstrapping Spring Data JPA repositories in DEFAULT mode.
2020-12-15 17:44:31 [main] INFO  org.springframework.data.repository.config.RepositoryConfigurationDelegate -Finished Spring Data repository scanning in 49ms. Found 5 JPA repository interfaces.
2020-12-15 17:44:31 [main] INFO  org.springframework.context.support.PostProcessorRegistrationDelegate$BeanPostProcessorChecker -Bean 'org.springframework.transaction.annotation.ProxyTransactionManagementConfiguration' of type [org.springframework.transaction.annotation.ProxyTransactionManagementConfiguration] is not eligible for getting processed by all BeanPostProcessors (for example: not eligible for auto-proxying)
2020-12-15 17:44:31 [main] INFO  org.springframework.boot.web.embedded.tomcat.TomcatWebServer -Tomcat initialized with port(s): 8211 (http)
2020-12-15 17:44:31 [main] INFO  org.apache.coyote.http11.Http11NioProtocol -Initializing ProtocolHandler ["http-nio-8211"]
2020-12-15 17:44:31 [main] INFO  org.apache.catalina.core.StandardService -Starting service [Tomcat]
2020-12-15 17:44:31 [main] INFO  org.apache.catalina.core.StandardEngine -Starting Servlet engine: [Apache Tomcat/9.0.30]
2020-12-15 17:44:31 [main] INFO  org.apache.catalina.core.ContainerBase.[Tomcat].[localhost].[/] -Initializing Spring embedded WebApplicationContext
2020-12-15 17:44:31 [main] INFO  org.springframework.web.context.ContextLoader -Root WebApplicationContext: initialization completed in 848 ms
2020-12-15 17:44:31 [main] INFO  com.alibaba.druid.pool.DruidDataSource -{dataSource-1} inited
2020-12-15 17:44:31 [main] INFO  org.hibernate.jpa.internal.util.LogHelper -HHH000204: Processing PersistenceUnitInfo [name: default]
2020-12-15 17:44:32 [main] INFO  org.hibernate.Version -HHH000412: Hibernate Core {5.4.10.Final}
2020-12-15 17:44:32 [main] INFO  org.hibernate.annotations.common.Version -HCANN000001: Hibernate Commons Annotations {5.1.0.Final}
2020-12-15 17:44:32 [main] INFO  org.hibernate.dialect.Dialect -HHH000400: Using dialect: org.hibernate.dialect.MySQL57Dialect
2020-12-15 17:44:32 [main] INFO  org.hibernate.engine.transaction.jta.platform.internal.JtaPlatformInitiator -HHH000490: Using JtaPlatform implementation: [org.hibernate.engine.transaction.jta.platform.internal.NoJtaPlatform]
2020-12-15 17:44:32 [main] INFO  org.springframework.orm.jpa.LocalContainerEntityManagerFactoryBean -Initialized JPA EntityManagerFactory for persistence unit 'default'
2020-12-15 17:44:32 [main] INFO  com.software.nju.SqlController.connection.ConnectionPoolUtils -创建静海数据库连接池
2020-12-15 17:44:32 [main] INFO  com.software.nju.SqlController.connection.ConnectionPoolUtils -创建高院数据库连接池
2020-12-15 17:44:32 [main] INFO  com.software.nju.SqlController.SQLHelper -获取高院连接：com.sybase.jdbc4.jdbc.SybConnection@74ba6ff5
2020-12-15 17:44:32 [main] INFO  com.software.nju.SqlController.SQLHelper -获取静海连接：com.sybase.jdbc4.jdbc.SybConnection@7a84788f
2020-12-15 17:44:33 [main] WARN  org.springframework.boot.autoconfigure.orm.jpa.JpaBaseConfiguration$JpaWebConfiguration -spring.jpa.open-in-view is enabled by default. Therefore, database queries may be performed during view rendering. Explicitly configure spring.jpa.open-in-view to disable this warning
2020-12-15 17:44:33 [main] INFO  org.springframework.scheduling.concurrent.ThreadPoolTaskExecutor -Initializing ExecutorService 'applicationTaskExecutor'
2020-12-15 17:44:33 [main] INFO  org.springframework.scheduling.concurrent.ThreadPoolTaskScheduler -Initializing ExecutorService 'taskScheduler'
2020-12-15 17:44:33 [main] INFO  org.apache.coyote.http11.Http11NioProtocol -Starting ProtocolHandler ["http-nio-8211"]
2020-12-15 17:44:33 [main] INFO  org.springframework.boot.web.embedded.tomcat.TomcatWebServer -Tomcat started on port(s): 8211 (http) with context path ''
2020-12-15 17:44:33 [main] INFO  com.software.nju.DataScreenApplication -Started DataScreenApplication in 2.837 seconds (JVM running for 3.152)
2020-12-15 17:44:36 [http-nio-8211-exec-1] INFO  org.apache.catalina.core.ContainerBase.[Tomcat].[localhost].[/] -Initializing Spring DispatcherServlet 'dispatcherServlet'
2020-12-15 17:44:36 [http-nio-8211-exec-1] INFO  org.springframework.web.servlet.DispatcherServlet -Initializing Servlet 'dispatcherServlet'
2020-12-15 17:44:36 [http-nio-8211-exec-1] INFO  org.springframework.web.servlet.DispatcherServlet -Completed initialization in 5 ms
2020-12-15 17:44:36 [http-nio-8211-exec-1] INFO  com.software.nju.WebSocket.WebsocketServerEndpoint -onOpen >> 链接成功
2020-12-15 17:44:36 [http-nio-8211-exec-1] INFO  com.software.nju.WebSocket.WebsocketServerEndpoint -有新窗口开始监听：1, 当前在线人数为：1
2020-12-15 17:44:40 [scheduling-1] INFO  com.software.nju.Timer.SendMessageToWeb -发送数据
2020-12-15 17:44:43 [http-nio-8211-exec-2] INFO  com.software.nju.WebSocket.WebsocketServerEndpoint -onClose >> 链接关闭
2020-12-15 17:44:43 [http-nio-8211-exec-2] INFO  com.software.nju.WebSocket.WebsocketServerEndpoint -链接关闭，当前在线人数：0
2020-12-15 17:45:58 [SpringContextShutdownHook] INFO  org.springframework.scheduling.concurrent.ThreadPoolTaskScheduler -Shutting down ExecutorService 'taskScheduler'
2020-12-15 17:45:58 [SpringContextShutdownHook] INFO  org.springframework.scheduling.concurrent.ThreadPoolTaskExecutor -Shutting down ExecutorService 'applicationTaskExecutor'
2020-12-15 17:45:58 [SpringContextShutdownHook] INFO  org.springframework.orm.jpa.LocalContainerEntityManagerFactoryBean -Closing JPA EntityManagerFactory for persistence unit 'default'
2020-12-15 17:45:58 [SpringContextShutdownHook] INFO  com.alibaba.druid.pool.DruidDataSource -{dataSource-1} closed
2020-12-15 17:47:44 [main] INFO  com.software.nju.DataScreenApplication -Starting DataScreenApplication on mysoul with PID 22197 (/home/lixing/IdeaProjects/dataScreen/target/classes started by lixing in /home/lixing/IdeaProjects/dataScreen)
2020-12-15 17:47:44 [main] INFO  com.software.nju.DataScreenApplication -The following profiles are active: dev
2020-12-15 17:47:45 [main] INFO  org.springframework.data.repository.config.RepositoryConfigurationDelegate -Bootstrapping Spring Data JPA repositories in DEFAULT mode.
2020-12-15 17:47:45 [main] INFO  org.springframework.data.repository.config.RepositoryConfigurationDelegate -Finished Spring Data repository scanning in 53ms. Found 5 JPA repository interfaces.
2020-12-15 17:47:45 [main] INFO  org.springframework.context.support.PostProcessorRegistrationDelegate$BeanPostProcessorChecker -Bean 'org.springframework.transaction.annotation.ProxyTransactionManagementConfiguration' of type [org.springframework.transaction.annotation.ProxyTransactionManagementConfiguration] is not eligible for getting processed by all BeanPostProcessors (for example: not eligible for auto-proxying)
2020-12-15 17:47:45 [main] INFO  org.springframework.boot.web.embedded.tomcat.TomcatWebServer -Tomcat initialized with port(s): 8211 (http)
2020-12-15 17:47:45 [main] INFO  org.apache.coyote.http11.Http11NioProtocol -Initializing ProtocolHandler ["http-nio-8211"]
2020-12-15 17:47:45 [main] INFO  org.apache.catalina.core.StandardService -Starting service [Tomcat]
2020-12-15 17:47:45 [main] INFO  org.apache.catalina.core.StandardEngine -Starting Servlet engine: [Apache Tomcat/9.0.30]
2020-12-15 17:47:45 [main] INFO  org.apache.catalina.core.ContainerBase.[Tomcat].[localhost].[/] -Initializing Spring embedded WebApplicationContext
2020-12-15 17:47:45 [main] INFO  org.springframework.web.context.ContextLoader -Root WebApplicationContext: initialization completed in 818 ms
2020-12-15 17:47:45 [main] INFO  com.alibaba.druid.pool.DruidDataSource -{dataSource-1} inited
2020-12-15 17:47:46 [main] INFO  org.hibernate.jpa.internal.util.LogHelper -HHH000204: Processing PersistenceUnitInfo [name: default]
2020-12-15 17:47:46 [main] INFO  org.hibernate.Version -HHH000412: Hibernate Core {5.4.10.Final}
2020-12-15 17:47:46 [main] INFO  org.hibernate.annotations.common.Version -HCANN000001: Hibernate Commons Annotations {5.1.0.Final}
2020-12-15 17:47:46 [main] INFO  org.hibernate.dialect.Dialect -HHH000400: Using dialect: org.hibernate.dialect.MySQL57Dialect
2020-12-15 17:47:46 [main] INFO  org.hibernate.engine.transaction.jta.platform.internal.JtaPlatformInitiator -HHH000490: Using JtaPlatform implementation: [org.hibernate.engine.transaction.jta.platform.internal.NoJtaPlatform]
2020-12-15 17:47:46 [main] INFO  org.springframework.orm.jpa.LocalContainerEntityManagerFactoryBean -Initialized JPA EntityManagerFactory for persistence unit 'default'
2020-12-15 17:47:46 [main] INFO  com.software.nju.SqlController.connection.ConnectionPoolUtils -创建静海数据库连接池
2020-12-15 17:47:46 [main] INFO  com.software.nju.SqlController.connection.ConnectionPoolUtils -创建高院数据库连接池
2020-12-15 17:47:46 [main] INFO  com.software.nju.SqlController.SQLHelper -获取高院连接：com.sybase.jdbc4.jdbc.SybConnection@17c0274c
2020-12-15 17:47:46 [main] INFO  com.software.nju.SqlController.SQLHelper -获取静海连接：com.sybase.jdbc4.jdbc.SybConnection@5a05dd30
2020-12-15 17:47:47 [main] WARN  org.springframework.boot.autoconfigure.orm.jpa.JpaBaseConfiguration$JpaWebConfiguration -spring.jpa.open-in-view is enabled by default. Therefore, database queries may be performed during view rendering. Explicitly configure spring.jpa.open-in-view to disable this warning
2020-12-15 17:47:47 [main] INFO  org.springframework.scheduling.concurrent.ThreadPoolTaskExecutor -Initializing ExecutorService 'applicationTaskExecutor'
2020-12-15 17:47:47 [main] INFO  org.springframework.scheduling.concurrent.ThreadPoolTaskScheduler -Initializing ExecutorService 'taskScheduler'
2020-12-15 17:47:47 [main] INFO  org.apache.coyote.http11.Http11NioProtocol -Starting ProtocolHandler ["http-nio-8211"]
2020-12-15 17:47:47 [main] INFO  org.springframework.boot.web.embedded.tomcat.TomcatWebServer -Tomcat started on port(s): 8211 (http) with context path ''
2020-12-15 17:47:47 [main] INFO  com.software.nju.DataScreenApplication -Started DataScreenApplication in 2.731 seconds (JVM running for 3.053)
2020-12-15 17:47:59 [http-nio-8211-exec-1] INFO  org.apache.catalina.core.ContainerBase.[Tomcat].[localhost].[/] -Initializing Spring DispatcherServlet 'dispatcherServlet'
2020-12-15 17:47:59 [http-nio-8211-exec-1] INFO  org.springframework.web.servlet.DispatcherServlet -Initializing Servlet 'dispatcherServlet'
2020-12-15 17:47:59 [http-nio-8211-exec-1] INFO  org.springframework.web.servlet.DispatcherServlet -Completed initialization in 6 ms
2020-12-15 17:47:59 [http-nio-8211-exec-1] INFO  com.software.nju.WebSocket.WebsocketServerEndpoint -onOpen >> 链接成功
2020-12-15 17:47:59 [http-nio-8211-exec-1] INFO  com.software.nju.WebSocket.WebsocketServerEndpoint -有新窗口开始监听：1, 当前在线人数为：1
2020-12-15 17:47:59 [http-nio-8211-exec-1] ERROR com.software.nju.WebSocket.WebsocketServerEndpoint -java.lang.NullPointerException
2020-12-15 17:48:00 [scheduling-1] INFO  com.software.nju.Timer.SendMessageToWeb -发送数据
2020-12-15 17:48:03 [http-nio-8211-exec-2] INFO  com.software.nju.WebSocket.WebsocketServerEndpoint -onClose >> 链接关闭
2020-12-15 17:48:03 [http-nio-8211-exec-2] INFO  com.software.nju.WebSocket.WebsocketServerEndpoint -链接关闭，当前在线人数：0
2020-12-15 17:48:05 [SpringContextShutdownHook] INFO  org.springframework.scheduling.concurrent.ThreadPoolTaskScheduler -Shutting down ExecutorService 'taskScheduler'
2020-12-15 17:48:05 [SpringContextShutdownHook] INFO  org.springframework.scheduling.concurrent.ThreadPoolTaskExecutor -Shutting down ExecutorService 'applicationTaskExecutor'
2020-12-15 17:48:05 [SpringContextShutdownHook] INFO  org.springframework.orm.jpa.LocalContainerEntityManagerFactoryBean -Closing JPA EntityManagerFactory for persistence unit 'default'
2020-12-15 17:48:05 [SpringContextShutdownHook] INFO  com.alibaba.druid.pool.DruidDataSource -{dataSource-1} closed
2020-12-15 17:48:13 [main] INFO  com.software.nju.DataScreenApplication -Starting DataScreenApplication on mysoul with PID 22408 (/home/lixing/IdeaProjects/dataScreen/target/classes started by lixing in /home/lixing/IdeaProjects/dataScreen)
2020-12-15 17:48:13 [main] INFO  com.software.nju.DataScreenApplication -The following profiles are active: dev
2020-12-15 17:48:13 [main] INFO  org.springframework.data.repository.config.RepositoryConfigurationDelegate -Bootstrapping Spring Data JPA repositories in DEFAULT mode.
2020-12-15 17:48:13 [main] INFO  org.springframework.data.repository.config.RepositoryConfigurationDelegate -Finished Spring Data repository scanning in 48ms. Found 5 JPA repository interfaces.
2020-12-15 17:48:14 [main] INFO  org.springframework.context.support.PostProcessorRegistrationDelegate$BeanPostProcessorChecker -Bean 'org.springframework.transaction.annotation.ProxyTransactionManagementConfiguration' of type [org.springframework.transaction.annotation.ProxyTransactionManagementConfiguration] is not eligible for getting processed by all BeanPostProcessors (for example: not eligible for auto-proxying)
2020-12-15 17:48:14 [main] INFO  org.springframework.boot.web.embedded.tomcat.TomcatWebServer -Tomcat initialized with port(s): 8211 (http)
2020-12-15 17:48:14 [main] INFO  org.apache.coyote.http11.Http11NioProtocol -Initializing ProtocolHandler ["http-nio-8211"]
2020-12-15 17:48:14 [main] INFO  org.apache.catalina.core.StandardService -Starting service [Tomcat]
2020-12-15 17:48:14 [main] INFO  org.apache.catalina.core.StandardEngine -Starting Servlet engine: [Apache Tomcat/9.0.30]
2020-12-15 17:48:15 [main] INFO  org.apache.catalina.core.ContainerBase.[Tomcat].[localhost].[/] -Initializing Spring embedded WebApplicationContext
2020-12-15 17:48:15 [main] INFO  org.springframework.web.context.ContextLoader -Root WebApplicationContext: initialization completed in 1543 ms
2020-12-15 17:48:15 [main] INFO  com.alibaba.druid.pool.DruidDataSource -{dataSource-1} inited
2020-12-15 17:48:15 [main] INFO  org.hibernate.jpa.internal.util.LogHelper -HHH000204: Processing PersistenceUnitInfo [name: default]
2020-12-15 17:48:15 [main] INFO  org.hibernate.Version -HHH000412: Hibernate Core {5.4.10.Final}
2020-12-15 17:48:16 [main] INFO  org.hibernate.annotations.common.Version -HCANN000001: Hibernate Commons Annotations {5.1.0.Final}
2020-12-15 17:48:16 [main] INFO  org.hibernate.dialect.Dialect -HHH000400: Using dialect: org.hibernate.dialect.MySQL57Dialect
2020-12-15 17:48:16 [main] INFO  org.hibernate.engine.transaction.jta.platform.internal.JtaPlatformInitiator -HHH000490: Using JtaPlatform implementation: [org.hibernate.engine.transaction.jta.platform.internal.NoJtaPlatform]
2020-12-15 17:48:16 [main] INFO  org.springframework.orm.jpa.LocalContainerEntityManagerFactoryBean -Initialized JPA EntityManagerFactory for persistence unit 'default'
2020-12-15 17:48:17 [main] INFO  com.software.nju.SqlController.connection.ConnectionPoolUtils -创建静海数据库连接池
2020-12-15 17:48:17 [main] INFO  com.software.nju.SqlController.connection.ConnectionPoolUtils -创建高院数据库连接池
2020-12-15 17:48:17 [main] INFO  com.software.nju.SqlController.SQLHelper -获取高院连接：com.sybase.jdbc4.jdbc.SybConnection@6dde1bf5
2020-12-15 17:48:17 [main] INFO  com.software.nju.SqlController.SQLHelper -获取静海连接：com.sybase.jdbc4.jdbc.SybConnection@1124dd79
2020-12-15 17:48:17 [main] WARN  org.springframework.boot.autoconfigure.orm.jpa.JpaBaseConfiguration$JpaWebConfiguration -spring.jpa.open-in-view is enabled by default. Therefore, database queries may be performed during view rendering. Explicitly configure spring.jpa.open-in-view to disable this warning
2020-12-15 17:48:17 [main] INFO  org.springframework.scheduling.concurrent.ThreadPoolTaskExecutor -Initializing ExecutorService 'applicationTaskExecutor'
2020-12-15 17:48:17 [main] INFO  org.springframework.scheduling.concurrent.ThreadPoolTaskScheduler -Initializing ExecutorService 'taskScheduler'
2020-12-15 17:48:17 [main] INFO  org.apache.coyote.http11.Http11NioProtocol -Starting ProtocolHandler ["http-nio-8211"]
2020-12-15 17:48:17 [main] INFO  org.springframework.boot.web.embedded.tomcat.TomcatWebServer -Tomcat started on port(s): 8211 (http) with context path ''
2020-12-15 17:48:17 [main] INFO  com.software.nju.DataScreenApplication -Started DataScreenApplication in 4.801 seconds (JVM running for 5.657)
2020-12-15 17:48:36 [http-nio-8211-exec-1] INFO  org.apache.catalina.core.ContainerBase.[Tomcat].[localhost].[/] -Initializing Spring DispatcherServlet 'dispatcherServlet'
2020-12-15 17:48:36 [http-nio-8211-exec-1] INFO  org.springframework.web.servlet.DispatcherServlet -Initializing Servlet 'dispatcherServlet'
2020-12-15 17:48:36 [http-nio-8211-exec-1] INFO  org.springframework.web.servlet.DispatcherServlet -Completed initialization in 7 ms
2020-12-15 17:48:41 [http-nio-8211-exec-1] INFO  com.software.nju.WebSocket.WebsocketServerEndpoint -onOpen >> 链接成功
2020-12-15 17:48:48 [http-nio-8211-exec-1] INFO  com.software.nju.WebSocket.WebsocketServerEndpoint -有新窗口开始监听：1, 当前在线人数为：1
2020-12-15 17:48:51 [scheduling-1] INFO  com.software.nju.Timer.SendMessageToWeb -发送数据
2020-12-15 17:49:28 [http-nio-8211-exec-1] ERROR com.software.nju.WebSocket.WebsocketServerEndpoint -java.lang.NullPointerException
2020-12-15 17:49:28 [SpringContextShutdownHook] INFO  org.springframework.scheduling.concurrent.ThreadPoolTaskScheduler -Shutting down ExecutorService 'taskScheduler'
2020-12-15 17:49:28 [SpringContextShutdownHook] INFO  org.springframework.scheduling.concurrent.ThreadPoolTaskExecutor -Shutting down ExecutorService 'applicationTaskExecutor'
2020-12-15 17:49:28 [SpringContextShutdownHook] INFO  org.springframework.orm.jpa.LocalContainerEntityManagerFactoryBean -Closing JPA EntityManagerFactory for persistence unit 'default'
2020-12-15 17:49:28 [SpringContextShutdownHook] INFO  com.alibaba.druid.pool.DruidDataSource -{dataSource-1} closed
2020-12-15 17:49:28 [scheduling-1] ERROR org.springframework.transaction.interceptor.TransactionInterceptor -Application exception overridden by rollback exception
java.lang.IllegalStateException: EntityManagerFactory is closed
	at org.hibernate.internal.SessionFactoryImpl.validateNotClosed(SessionFactoryImpl.java:548)
	at org.hibernate.internal.SessionFactoryImpl.getMetamodel(SessionFactoryImpl.java:695)
	at org.hibernate.hql.internal.QuerySplitter.getImportedClass(QuerySplitter.java:189)
	at org.hibernate.hql.internal.QuerySplitter.concreteQueries(QuerySplitter.java:117)
	at org.hibernate.engine.query.spi.HQLQueryPlan.<init>(HQLQueryPlan.java:99)
	at org.hibernate.engine.query.spi.HQLQueryPlan.<init>(HQLQueryPlan.java:73)
	at org.hibernate.engine.query.spi.QueryPlanCache.getHQLQueryPlan(QueryPlanCache.java:155)
	at org.hibernate.internal.AbstractSharedSessionContract.getQueryPlan(AbstractSharedSessionContract.java:600)
	at org.hibernate.internal.AbstractSharedSessionContract.createQuery(AbstractSharedSessionContract.java:709)
	at org.hibernate.internal.AbstractSharedSessionContract.createQuery(AbstractSharedSessionContract.java:772)
	at org.hibernate.query.criteria.internal.CriteriaQueryImpl$1.buildCompiledQuery(CriteriaQueryImpl.java:310)
	at org.hibernate.query.criteria.internal.compile.CriteriaCompiler.compile(CriteriaCompiler.java:165)
	at org.hibernate.internal.AbstractSharedSessionContract.createQuery(AbstractSharedSessionContract.java:735)
	at org.hibernate.internal.AbstractSessionImpl.createQuery(AbstractSessionImpl.java:23)
	at sun.reflect.NativeMethodAccessorImpl.invoke0(Native Method)
	at sun.reflect.NativeMethodAccessorImpl.invoke(NativeMethodAccessorImpl.java:62)
	at sun.reflect.DelegatingMethodAccessorImpl.invoke(DelegatingMethodAccessorImpl.java:43)
	at java.lang.reflect.Method.invoke(Method.java:498)
	at org.springframework.orm.jpa.SharedEntityManagerCreator$SharedEntityManagerInvocationHandler.invoke(SharedEntityManagerCreator.java:314)
	at com.sun.proxy.$Proxy86.createQuery(Unknown Source)
	at org.springframework.data.jpa.repository.support.SimpleJpaRepository.getQuery(SimpleJpaRepository.java:700)
	at org.springframework.data.jpa.repository.support.SimpleJpaRepository.getQuery(SimpleJpaRepository.java:677)
	at org.springframework.data.jpa.repository.support.SimpleJpaRepository.findAll(SimpleJpaRepository.java:355)
	at sun.reflect.NativeMethodAccessorImpl.invoke0(Native Method)
	at sun.reflect.NativeMethodAccessorImpl.invoke(NativeMethodAccessorImpl.java:62)
	at sun.reflect.DelegatingMethodAccessorImpl.invoke(DelegatingMethodAccessorImpl.java:43)
	at java.lang.reflect.Method.invoke(Method.java:498)
	at org.springframework.data.repository.core.support.RepositoryComposition$RepositoryFragments.invoke(RepositoryComposition.java:371)
	at org.springframework.data.repository.core.support.RepositoryComposition.invoke(RepositoryComposition.java:204)
	at org.springframework.data.repository.core.support.RepositoryFactorySupport$ImplementationMethodExecutionInterceptor.invoke(RepositoryFactorySupport.java:657)
	at org.springframework.aop.framework.ReflectiveMethodInvocation.proceed(ReflectiveMethodInvocation.java:186)
	at org.springframework.data.repository.core.support.RepositoryFactorySupport$QueryExecutorMethodInterceptor.doInvoke(RepositoryFactorySupport.java:621)
	at org.springframework.data.repository.core.support.RepositoryFactorySupport$QueryExecutorMethodInterceptor.invoke(RepositoryFactorySupport.java:605)
	at org.springframework.aop.framework.ReflectiveMethodInvocation.proceed(ReflectiveMethodInvocation.java:186)
	at org.springframework.data.projection.DefaultMethodInvokingMethodInterceptor.invoke(DefaultMethodInvokingMethodInterceptor.java:80)
	at org.springframework.aop.framework.ReflectiveMethodInvocation.proceed(ReflectiveMethodInvocation.java:186)
	at org.springframework.transaction.interceptor.TransactionAspectSupport.invokeWithinTransaction(TransactionAspectSupport.java:366)
	at org.springframework.transaction.interceptor.TransactionInterceptor.invoke(TransactionInterceptor.java:99)
	at org.springframework.aop.framework.ReflectiveMethodInvocation.proceed(ReflectiveMethodInvocation.java:186)
	at org.springframework.dao.support.PersistenceExceptionTranslationInterceptor.invoke(PersistenceExceptionTranslationInterceptor.java:139)
	at org.springframework.aop.framework.ReflectiveMethodInvocation.proceed(ReflectiveMethodInvocation.java:186)
	at org.springframework.data.jpa.repository.support.CrudMethodMetadataPostProcessor$CrudMethodMetadataPopulatingMethodInterceptor.invoke(CrudMethodMetadataPostProcessor.java:178)
	at org.springframework.aop.framework.ReflectiveMethodInvocation.proceed(ReflectiveMethodInvocation.java:186)
	at org.springframework.aop.interceptor.ExposeInvocationInterceptor.invoke(ExposeInvocationInterceptor.java:95)
	at org.springframework.aop.framework.ReflectiveMethodInvocation.proceed(ReflectiveMethodInvocation.java:186)
	at org.springframework.aop.framework.JdkDynamicAopProxy.invoke(JdkDynamicAopProxy.java:212)
	at com.sun.proxy.$Proxy97.findAll(Unknown Source)
	at com.software.nju.Service.SqlBeanService.getAll(SqlBeanService.java:19)
	at com.software.nju.Timer.SendMessageToWeb.sendDataToWeb(SendMessageToWeb.java:44)
	at com.software.nju.Timer.SendMessageToWeb.sendTestMessage(SendMessageToWeb.java:34)
	at sun.reflect.NativeMethodAccessorImpl.invoke0(Native Method)
	at sun.reflect.NativeMethodAccessorImpl.invoke(NativeMethodAccessorImpl.java:62)
	at sun.reflect.DelegatingMethodAccessorImpl.invoke(DelegatingMethodAccessorImpl.java:43)
	at java.lang.reflect.Method.invoke(Method.java:498)
	at org.springframework.scheduling.support.ScheduledMethodRunnable.run(ScheduledMethodRunnable.java:84)
	at org.springframework.scheduling.support.DelegatingErrorHandlingRunnable.run(DelegatingErrorHandlingRunnable.java:54)
	at org.springframework.scheduling.concurrent.ReschedulingRunnable.run(ReschedulingRunnable.java:93)
	at java.util.concurrent.Executors$RunnableAdapter.call(Executors.java:511)
	at java.util.concurrent.FutureTask.run$$$capture(FutureTask.java:266)
	at java.util.concurrent.FutureTask.run(FutureTask.java)
	at java.util.concurrent.ScheduledThreadPoolExecutor$ScheduledFutureTask.access$201(ScheduledThreadPoolExecutor.java:180)
	at java.util.concurrent.ScheduledThreadPoolExecutor$ScheduledFutureTask.run(ScheduledThreadPoolExecutor.java:293)
	at java.util.concurrent.ThreadPoolExecutor.runWorker(ThreadPoolExecutor.java:1149)
	at java.util.concurrent.ThreadPoolExecutor$Worker.run(ThreadPoolExecutor.java:624)
	at java.lang.Thread.run(Thread.java:748)
2020-12-15 17:49:28 [SpringContextShutdownHook] INFO  com.software.nju.WebSocket.WebsocketServerEndpoint -onClose >> 链接关闭
2020-12-15 17:49:28 [SpringContextShutdownHook] INFO  com.software.nju.WebSocket.WebsocketServerEndpoint -链接关闭，当前在线人数：0
2020-12-15 17:49:32 [main] INFO  com.software.nju.DataScreenApplication -Starting DataScreenApplication on mysoul with PID 22616 (/home/lixing/IdeaProjects/dataScreen/target/classes started by lixing in /home/lixing/IdeaProjects/dataScreen)
2020-12-15 17:49:32 [main] INFO  com.software.nju.DataScreenApplication -The following profiles are active: dev
2020-12-15 17:49:32 [main] INFO  org.springframework.data.repository.config.RepositoryConfigurationDelegate -Bootstrapping Spring Data JPA repositories in DEFAULT mode.
2020-12-15 17:49:32 [main] INFO  org.springframework.data.repository.config.RepositoryConfigurationDelegate -Finished Spring Data repository scanning in 43ms. Found 5 JPA repository interfaces.
2020-12-15 17:49:32 [main] INFO  org.springframework.context.support.PostProcessorRegistrationDelegate$BeanPostProcessorChecker -Bean 'org.springframework.transaction.annotation.ProxyTransactionManagementConfiguration' of type [org.springframework.transaction.annotation.ProxyTransactionManagementConfiguration] is not eligible for getting processed by all BeanPostProcessors (for example: not eligible for auto-proxying)
2020-12-15 17:49:32 [main] INFO  org.springframework.boot.web.embedded.tomcat.TomcatWebServer -Tomcat initialized with port(s): 8211 (http)
2020-12-15 17:49:32 [main] INFO  org.apache.coyote.http11.Http11NioProtocol -Initializing ProtocolHandler ["http-nio-8211"]
2020-12-15 17:49:32 [main] INFO  org.apache.catalina.core.StandardService -Starting service [Tomcat]
2020-12-15 17:49:32 [main] INFO  org.apache.catalina.core.StandardEngine -Starting Servlet engine: [Apache Tomcat/9.0.30]
2020-12-15 17:49:33 [main] INFO  org.apache.catalina.core.ContainerBase.[Tomcat].[localhost].[/] -Initializing Spring embedded WebApplicationContext
2020-12-15 17:49:33 [main] INFO  org.springframework.web.context.ContextLoader -Root WebApplicationContext: initialization completed in 781 ms
2020-12-15 17:49:33 [main] INFO  com.alibaba.druid.pool.DruidDataSource -{dataSource-1} inited
2020-12-15 17:49:33 [main] INFO  org.hibernate.jpa.internal.util.LogHelper -HHH000204: Processing PersistenceUnitInfo [name: default]
2020-12-15 17:49:33 [main] INFO  org.hibernate.Version -HHH000412: Hibernate Core {5.4.10.Final}
2020-12-15 17:49:33 [main] INFO  org.hibernate.annotations.common.Version -HCANN000001: Hibernate Commons Annotations {5.1.0.Final}
2020-12-15 17:49:33 [main] INFO  org.hibernate.dialect.Dialect -HHH000400: Using dialect: org.hibernate.dialect.MySQL57Dialect
2020-12-15 17:49:33 [main] INFO  org.hibernate.engine.transaction.jta.platform.internal.JtaPlatformInitiator -HHH000490: Using JtaPlatform implementation: [org.hibernate.engine.transaction.jta.platform.internal.NoJtaPlatform]
2020-12-15 17:49:33 [main] INFO  org.springframework.orm.jpa.LocalContainerEntityManagerFactoryBean -Initialized JPA EntityManagerFactory for persistence unit 'default'
2020-12-15 17:49:34 [main] INFO  com.software.nju.SqlController.connection.ConnectionPoolUtils -创建静海数据库连接池
2020-12-15 17:49:34 [main] INFO  com.software.nju.SqlController.connection.ConnectionPoolUtils -创建高院数据库连接池
2020-12-15 17:49:34 [main] INFO  com.software.nju.SqlController.SQLHelper -获取高院连接：com.sybase.jdbc4.jdbc.SybConnection@240f350a
2020-12-15 17:49:34 [main] INFO  com.software.nju.SqlController.SQLHelper -获取静海连接：com.sybase.jdbc4.jdbc.SybConnection@3af2f846
2020-12-15 17:49:34 [main] WARN  org.springframework.boot.autoconfigure.orm.jpa.JpaBaseConfiguration$JpaWebConfiguration -spring.jpa.open-in-view is enabled by default. Therefore, database queries may be performed during view rendering. Explicitly configure spring.jpa.open-in-view to disable this warning
2020-12-15 17:49:34 [main] INFO  org.springframework.scheduling.concurrent.ThreadPoolTaskExecutor -Initializing ExecutorService 'applicationTaskExecutor'
2020-12-15 17:49:34 [main] INFO  org.springframework.scheduling.concurrent.ThreadPoolTaskScheduler -Initializing ExecutorService 'taskScheduler'
2020-12-15 17:49:34 [main] INFO  org.apache.coyote.http11.Http11NioProtocol -Starting ProtocolHandler ["http-nio-8211"]
2020-12-15 17:49:34 [main] INFO  org.springframework.boot.web.embedded.tomcat.TomcatWebServer -Tomcat started on port(s): 8211 (http) with context path ''
2020-12-15 17:49:34 [main] INFO  com.software.nju.DataScreenApplication -Started DataScreenApplication in 2.507 seconds (JVM running for 2.877)
2020-12-15 17:49:44 [http-nio-8211-exec-1] INFO  org.apache.catalina.core.ContainerBase.[Tomcat].[localhost].[/] -Initializing Spring DispatcherServlet 'dispatcherServlet'
2020-12-15 17:49:44 [http-nio-8211-exec-1] INFO  org.springframework.web.servlet.DispatcherServlet -Initializing Servlet 'dispatcherServlet'
2020-12-15 17:49:44 [http-nio-8211-exec-1] INFO  org.springframework.web.servlet.DispatcherServlet -Completed initialization in 5 ms
2020-12-15 17:49:44 [http-nio-8211-exec-1] INFO  com.software.nju.WebSocket.WebsocketServerEndpoint -onOpen >> 链接成功
2020-12-15 17:49:44 [http-nio-8211-exec-1] INFO  com.software.nju.WebSocket.WebsocketServerEndpoint -有新窗口开始监听：1, 当前在线人数为：1
2020-12-15 17:49:44 [http-nio-8211-exec-1] ERROR com.software.nju.WebSocket.WebsocketServerEndpoint -java.lang.NullPointerException
2020-12-15 17:49:50 [scheduling-1] INFO  com.software.nju.Timer.SendMessageToWeb -发送数据
2020-12-15 17:49:58 [SpringContextShutdownHook] INFO  org.springframework.scheduling.concurrent.ThreadPoolTaskScheduler -Shutting down ExecutorService 'taskScheduler'
2020-12-15 17:49:58 [SpringContextShutdownHook] INFO  org.springframework.scheduling.concurrent.ThreadPoolTaskExecutor -Shutting down ExecutorService 'applicationTaskExecutor'
2020-12-15 17:49:58 [SpringContextShutdownHook] INFO  org.springframework.orm.jpa.LocalContainerEntityManagerFactoryBean -Closing JPA EntityManagerFactory for persistence unit 'default'
2020-12-15 17:49:58 [SpringContextShutdownHook] INFO  com.alibaba.druid.pool.DruidDataSource -{dataSource-1} closed
2020-12-15 17:49:58 [SpringContextShutdownHook] INFO  com.software.nju.WebSocket.WebsocketServerEndpoint -onClose >> 链接关闭
2020-12-15 17:49:58 [SpringContextShutdownHook] INFO  com.software.nju.WebSocket.WebsocketServerEndpoint -链接关闭，当前在线人数：0
2020-12-15 17:52:13 [main] INFO  com.software.nju.DataScreenApplication -Starting DataScreenApplication on mysoul with PID 23156 (/home/lixing/IdeaProjects/dataScreen/target/classes started by lixing in /home/lixing/IdeaProjects/dataScreen)
2020-12-15 17:52:13 [main] INFO  com.software.nju.DataScreenApplication -The following profiles are active: dev
2020-12-15 17:52:14 [main] INFO  org.springframework.data.repository.config.RepositoryConfigurationDelegate -Bootstrapping Spring Data JPA repositories in DEFAULT mode.
2020-12-15 17:52:14 [main] INFO  org.springframework.data.repository.config.RepositoryConfigurationDelegate -Finished Spring Data repository scanning in 43ms. Found 5 JPA repository interfaces.
2020-12-15 17:52:14 [main] INFO  org.springframework.context.support.PostProcessorRegistrationDelegate$BeanPostProcessorChecker -Bean 'org.springframework.transaction.annotation.ProxyTransactionManagementConfiguration' of type [org.springframework.transaction.annotation.ProxyTransactionManagementConfiguration] is not eligible for getting processed by all BeanPostProcessors (for example: not eligible for auto-proxying)
2020-12-15 17:52:14 [main] INFO  org.springframework.boot.web.embedded.tomcat.TomcatWebServer -Tomcat initialized with port(s): 8211 (http)
2020-12-15 17:52:14 [main] INFO  org.apache.coyote.http11.Http11NioProtocol -Initializing ProtocolHandler ["http-nio-8211"]
2020-12-15 17:52:14 [main] INFO  org.apache.catalina.core.StandardService -Starting service [Tomcat]
2020-12-15 17:52:14 [main] INFO  org.apache.catalina.core.StandardEngine -Starting Servlet engine: [Apache Tomcat/9.0.30]
2020-12-15 17:52:14 [main] INFO  org.apache.catalina.core.ContainerBase.[Tomcat].[localhost].[/] -Initializing Spring embedded WebApplicationContext
2020-12-15 17:52:14 [main] INFO  org.springframework.web.context.ContextLoader -Root WebApplicationContext: initialization completed in 854 ms
2020-12-15 17:52:14 [main] INFO  com.alibaba.druid.pool.DruidDataSource -{dataSource-1} inited
2020-12-15 17:52:15 [main] INFO  org.hibernate.jpa.internal.util.LogHelper -HHH000204: Processing PersistenceUnitInfo [name: default]
2020-12-15 17:52:15 [main] INFO  org.hibernate.Version -HHH000412: Hibernate Core {5.4.10.Final}
2020-12-15 17:52:15 [main] INFO  org.hibernate.annotations.common.Version -HCANN000001: Hibernate Commons Annotations {5.1.0.Final}
2020-12-15 17:52:15 [main] INFO  org.hibernate.dialect.Dialect -HHH000400: Using dialect: org.hibernate.dialect.MySQL57Dialect
2020-12-15 17:52:15 [main] INFO  org.hibernate.engine.transaction.jta.platform.internal.JtaPlatformInitiator -HHH000490: Using JtaPlatform implementation: [org.hibernate.engine.transaction.jta.platform.internal.NoJtaPlatform]
2020-12-15 17:52:15 [main] INFO  org.springframework.orm.jpa.LocalContainerEntityManagerFactoryBean -Initialized JPA EntityManagerFactory for persistence unit 'default'
2020-12-15 17:52:15 [main] INFO  com.software.nju.SqlController.connection.ConnectionPoolUtils -创建静海数据库连接池
2020-12-15 17:52:15 [main] INFO  com.software.nju.SqlController.connection.ConnectionPoolUtils -创建高院数据库连接池
2020-12-15 17:52:16 [main] INFO  com.software.nju.SqlController.SQLHelper -获取高院连接：com.sybase.jdbc4.jdbc.SybConnection@361cd35c
2020-12-15 17:52:16 [main] INFO  com.software.nju.SqlController.SQLHelper -获取静海连接：com.sybase.jdbc4.jdbc.SybConnection@4a642e4b
2020-12-15 17:52:16 [main] WARN  org.springframework.boot.autoconfigure.orm.jpa.JpaBaseConfiguration$JpaWebConfiguration -spring.jpa.open-in-view is enabled by default. Therefore, database queries may be performed during view rendering. Explicitly configure spring.jpa.open-in-view to disable this warning
2020-12-15 17:52:16 [main] INFO  org.springframework.scheduling.concurrent.ThreadPoolTaskExecutor -Initializing ExecutorService 'applicationTaskExecutor'
2020-12-15 17:52:16 [main] INFO  org.springframework.scheduling.concurrent.ThreadPoolTaskScheduler -Initializing ExecutorService 'taskScheduler'
2020-12-15 17:52:16 [main] INFO  org.apache.coyote.http11.Http11NioProtocol -Starting ProtocolHandler ["http-nio-8211"]
2020-12-15 17:52:16 [main] INFO  org.springframework.boot.web.embedded.tomcat.TomcatWebServer -Tomcat started on port(s): 8211 (http) with context path ''
2020-12-15 17:52:16 [main] INFO  com.software.nju.DataScreenApplication -Started DataScreenApplication in 2.725 seconds (JVM running for 3.076)
2020-12-15 17:52:25 [http-nio-8211-exec-1] INFO  org.apache.catalina.core.ContainerBase.[Tomcat].[localhost].[/] -Initializing Spring DispatcherServlet 'dispatcherServlet'
2020-12-15 17:52:25 [http-nio-8211-exec-1] INFO  org.springframework.web.servlet.DispatcherServlet -Initializing Servlet 'dispatcherServlet'
2020-12-15 17:52:25 [http-nio-8211-exec-1] INFO  org.springframework.web.servlet.DispatcherServlet -Completed initialization in 5 ms
2020-12-15 17:52:25 [http-nio-8211-exec-1] INFO  com.software.nju.WebSocket.WebsocketServerEndpoint -onOpen >> 链接成功
2020-12-15 17:52:25 [http-nio-8211-exec-1] INFO  com.software.nju.WebSocket.WebsocketServerEndpoint -有新窗口开始监听：1, 当前在线人数为：1
2020-12-15 17:52:25 [http-nio-8211-exec-1] ERROR com.software.nju.WebSocket.WebsocketServerEndpoint -java.lang.NullPointerException
2020-12-15 17:52:30 [scheduling-1] INFO  com.software.nju.Timer.SendMessageToWeb -发送数据
2020-12-15 17:52:40 [scheduling-1] INFO  com.software.nju.Timer.SendMessageToWeb -发送数据
2020-12-15 17:52:41 [http-nio-8211-exec-2] INFO  com.software.nju.WebSocket.WebsocketServerEndpoint -onClose >> 链接关闭
2020-12-15 17:52:41 [http-nio-8211-exec-2] INFO  com.software.nju.WebSocket.WebsocketServerEndpoint -链接关闭，当前在线人数：0
2020-12-15 17:52:43 [SpringContextShutdownHook] INFO  org.springframework.scheduling.concurrent.ThreadPoolTaskScheduler -Shutting down ExecutorService 'taskScheduler'
2020-12-15 17:52:43 [SpringContextShutdownHook] INFO  org.springframework.scheduling.concurrent.ThreadPoolTaskExecutor -Shutting down ExecutorService 'applicationTaskExecutor'
2020-12-15 17:52:43 [SpringContextShutdownHook] INFO  org.springframework.orm.jpa.LocalContainerEntityManagerFactoryBean -Closing JPA EntityManagerFactory for persistence unit 'default'
2020-12-15 17:52:43 [SpringContextShutdownHook] INFO  com.alibaba.druid.pool.DruidDataSource -{dataSource-1} closed
2020-12-15 17:55:23 [main] INFO  com.software.nju.DataScreenApplication -Starting DataScreenApplication on mysoul with PID 23670 (/home/lixing/IdeaProjects/dataScreen/target/classes started by lixing in /home/lixing/IdeaProjects/dataScreen)
2020-12-15 17:55:23 [main] INFO  com.software.nju.DataScreenApplication -The following profiles are active: dev
2020-12-15 17:55:24 [main] INFO  org.springframework.data.repository.config.RepositoryConfigurationDelegate -Bootstrapping Spring Data JPA repositories in DEFAULT mode.
2020-12-15 17:55:24 [main] INFO  org.springframework.data.repository.config.RepositoryConfigurationDelegate -Finished Spring Data repository scanning in 55ms. Found 5 JPA repository interfaces.
2020-12-15 17:55:25 [main] INFO  org.springframework.context.support.PostProcessorRegistrationDelegate$BeanPostProcessorChecker -Bean 'org.springframework.transaction.annotation.ProxyTransactionManagementConfiguration' of type [org.springframework.transaction.annotation.ProxyTransactionManagementConfiguration] is not eligible for getting processed by all BeanPostProcessors (for example: not eligible for auto-proxying)
2020-12-15 17:55:27 [main] INFO  org.springframework.boot.web.embedded.tomcat.TomcatWebServer -Tomcat initialized with port(s): 8211 (http)
2020-12-15 17:55:27 [main] INFO  org.apache.coyote.http11.Http11NioProtocol -Initializing ProtocolHandler ["http-nio-8211"]
2020-12-15 17:55:27 [main] INFO  org.apache.catalina.core.StandardService -Starting service [Tomcat]
2020-12-15 17:55:27 [main] INFO  org.apache.catalina.core.StandardEngine -Starting Servlet engine: [Apache Tomcat/9.0.30]
2020-12-15 17:55:27 [main] INFO  org.apache.catalina.core.ContainerBase.[Tomcat].[localhost].[/] -Initializing Spring embedded WebApplicationContext
2020-12-15 17:55:27 [main] INFO  org.springframework.web.context.ContextLoader -Root WebApplicationContext: initialization completed in 3886 ms
2020-12-15 17:55:29 [main] INFO  com.alibaba.druid.pool.DruidDataSource -{dataSource-1} inited
2020-12-15 17:55:31 [main] INFO  org.hibernate.jpa.internal.util.LogHelper -HHH000204: Processing PersistenceUnitInfo [name: default]
2020-12-15 17:55:31 [main] INFO  org.hibernate.Version -HHH000412: Hibernate Core {5.4.10.Final}
2020-12-15 17:55:32 [main] INFO  org.hibernate.annotations.common.Version -HCANN000001: Hibernate Commons Annotations {5.1.0.Final}
2020-12-15 17:55:32 [main] INFO  org.hibernate.dialect.Dialect -HHH000400: Using dialect: org.hibernate.dialect.MySQL57Dialect
2020-12-15 17:55:35 [main] INFO  org.hibernate.engine.transaction.jta.platform.internal.JtaPlatformInitiator -HHH000490: Using JtaPlatform implementation: [org.hibernate.engine.transaction.jta.platform.internal.NoJtaPlatform]
2020-12-15 17:55:35 [main] INFO  org.springframework.orm.jpa.LocalContainerEntityManagerFactoryBean -Initialized JPA EntityManagerFactory for persistence unit 'default'
2020-12-15 17:55:39 [main] INFO  com.software.nju.SqlController.connection.ConnectionPoolUtils -创建静海数据库连接池
2020-12-15 17:55:39 [main] INFO  com.software.nju.SqlController.connection.ConnectionPoolUtils -创建高院数据库连接池
2020-12-15 17:55:39 [main] INFO  com.software.nju.SqlController.SQLHelper -获取高院连接：com.sybase.jdbc4.jdbc.SybConnection@4bab78ce
2020-12-15 17:55:39 [main] INFO  com.software.nju.SqlController.SQLHelper -获取静海连接：com.sybase.jdbc4.jdbc.SybConnection@7672960e
2020-12-15 17:55:40 [main] WARN  org.springframework.boot.autoconfigure.orm.jpa.JpaBaseConfiguration$JpaWebConfiguration -spring.jpa.open-in-view is enabled by default. Therefore, database queries may be performed during view rendering. Explicitly configure spring.jpa.open-in-view to disable this warning
2020-12-15 17:55:41 [main] INFO  org.springframework.scheduling.concurrent.ThreadPoolTaskExecutor -Initializing ExecutorService 'applicationTaskExecutor'
2020-12-15 17:55:43 [main] INFO  org.springframework.scheduling.concurrent.ThreadPoolTaskScheduler -Initializing ExecutorService 'taskScheduler'
2020-12-15 17:55:43 [main] INFO  org.apache.coyote.http11.Http11NioProtocol -Starting ProtocolHandler ["http-nio-8211"]
2020-12-15 17:55:43 [main] INFO  org.springframework.boot.web.embedded.tomcat.TomcatWebServer -Tomcat started on port(s): 8211 (http) with context path ''
2020-12-15 17:55:43 [main] INFO  com.software.nju.DataScreenApplication -Started DataScreenApplication in 20.28 seconds (JVM running for 20.677)
2020-12-15 17:55:49 [http-nio-8211-exec-1] INFO  org.apache.catalina.core.ContainerBase.[Tomcat].[localhost].[/] -Initializing Spring DispatcherServlet 'dispatcherServlet'
2020-12-15 17:55:49 [http-nio-8211-exec-1] INFO  org.springframework.web.servlet.DispatcherServlet -Initializing Servlet 'dispatcherServlet'
2020-12-15 17:55:49 [http-nio-8211-exec-1] INFO  org.springframework.web.servlet.DispatcherServlet -Completed initialization in 56 ms
2020-12-15 17:56:11 [http-nio-8211-exec-1] INFO  com.software.nju.WebSocket.WebsocketServerEndpoint -onOpen >> 链接成功
2020-12-15 17:56:11 [http-nio-8211-exec-1] INFO  com.software.nju.WebSocket.WebsocketServerEndpoint -有新窗口开始监听：1, 当前在线人数为：1
2020-12-15 17:56:11 [http-nio-8211-exec-1] ERROR com.software.nju.WebSocket.WebsocketServerEndpoint -java.lang.NullPointerException
2020-12-15 17:56:11 [SpringContextShutdownHook] INFO  org.springframework.scheduling.concurrent.ThreadPoolTaskScheduler -Shutting down ExecutorService 'taskScheduler'
2020-12-15 17:56:11 [SpringContextShutdownHook] INFO  org.springframework.scheduling.concurrent.ThreadPoolTaskExecutor -Shutting down ExecutorService 'applicationTaskExecutor'
2020-12-15 17:56:11 [SpringContextShutdownHook] INFO  org.springframework.orm.jpa.LocalContainerEntityManagerFactoryBean -Closing JPA EntityManagerFactory for persistence unit 'default'
2020-12-15 17:56:11 [SpringContextShutdownHook] INFO  com.alibaba.druid.pool.DruidDataSource -{dataSource-1} closed
2020-12-15 17:56:11 [SpringContextShutdownHook] INFO  com.software.nju.WebSocket.WebsocketServerEndpoint -onClose >> 链接关闭
2020-12-15 17:56:11 [SpringContextShutdownHook] INFO  com.software.nju.WebSocket.WebsocketServerEndpoint -链接关闭，当前在线人数：0
2020-12-15 17:56:44 [main] INFO  com.software.nju.DataScreenApplication -Starting DataScreenApplication on mysoul with PID 24248 (/home/lixing/IdeaProjects/dataScreen/target/classes started by lixing in /home/lixing/IdeaProjects/dataScreen)
2020-12-15 17:56:44 [main] INFO  com.software.nju.DataScreenApplication -The following profiles are active: dev
2020-12-15 17:56:44 [main] INFO  org.springframework.data.repository.config.RepositoryConfigurationDelegate -Bootstrapping Spring Data JPA repositories in DEFAULT mode.
2020-12-15 17:56:44 [main] INFO  org.springframework.data.repository.config.RepositoryConfigurationDelegate -Finished Spring Data repository scanning in 42ms. Found 5 JPA repository interfaces.
2020-12-15 17:56:44 [main] INFO  org.springframework.context.support.PostProcessorRegistrationDelegate$BeanPostProcessorChecker -Bean 'org.springframework.transaction.annotation.ProxyTransactionManagementConfiguration' of type [org.springframework.transaction.annotation.ProxyTransactionManagementConfiguration] is not eligible for getting processed by all BeanPostProcessors (for example: not eligible for auto-proxying)
2020-12-15 17:56:45 [main] INFO  org.springframework.boot.web.embedded.tomcat.TomcatWebServer -Tomcat initialized with port(s): 8211 (http)
2020-12-15 17:56:45 [main] INFO  org.apache.coyote.http11.Http11NioProtocol -Initializing ProtocolHandler ["http-nio-8211"]
2020-12-15 17:56:45 [main] INFO  org.apache.catalina.core.StandardService -Starting service [Tomcat]
2020-12-15 17:56:45 [main] INFO  org.apache.catalina.core.StandardEngine -Starting Servlet engine: [Apache Tomcat/9.0.30]
2020-12-15 17:56:45 [main] INFO  org.apache.catalina.core.ContainerBase.[Tomcat].[localhost].[/] -Initializing Spring embedded WebApplicationContext
2020-12-15 17:56:45 [main] INFO  org.springframework.web.context.ContextLoader -Root WebApplicationContext: initialization completed in 773 ms
2020-12-15 17:56:45 [main] INFO  com.alibaba.druid.pool.DruidDataSource -{dataSource-1} inited
2020-12-15 17:56:45 [main] INFO  org.hibernate.jpa.internal.util.LogHelper -HHH000204: Processing PersistenceUnitInfo [name: default]
2020-12-15 17:56:45 [main] INFO  org.hibernate.Version -HHH000412: Hibernate Core {5.4.10.Final}
2020-12-15 17:56:45 [main] INFO  org.hibernate.annotations.common.Version -HCANN000001: Hibernate Commons Annotations {5.1.0.Final}
2020-12-15 17:56:45 [main] INFO  org.hibernate.dialect.Dialect -HHH000400: Using dialect: org.hibernate.dialect.MySQL57Dialect
2020-12-15 17:56:45 [main] INFO  org.hibernate.engine.transaction.jta.platform.internal.JtaPlatformInitiator -HHH000490: Using JtaPlatform implementation: [org.hibernate.engine.transaction.jta.platform.internal.NoJtaPlatform]
2020-12-15 17:56:45 [main] INFO  org.springframework.orm.jpa.LocalContainerEntityManagerFactoryBean -Initialized JPA EntityManagerFactory for persistence unit 'default'
2020-12-15 17:56:46 [main] INFO  com.software.nju.SqlController.connection.ConnectionPoolUtils -创建静海数据库连接池
2020-12-15 17:56:46 [main] INFO  com.software.nju.SqlController.connection.ConnectionPoolUtils -创建高院数据库连接池
2020-12-15 17:56:46 [main] INFO  com.software.nju.SqlController.SQLHelper -获取高院连接：com.sybase.jdbc4.jdbc.SybConnection@1b52699c
2020-12-15 17:56:46 [main] INFO  com.software.nju.SqlController.SQLHelper -获取静海连接：com.sybase.jdbc4.jdbc.SybConnection@250d440
2020-12-15 17:56:46 [main] WARN  org.springframework.boot.autoconfigure.orm.jpa.JpaBaseConfiguration$JpaWebConfiguration -spring.jpa.open-in-view is enabled by default. Therefore, database queries may be performed during view rendering. Explicitly configure spring.jpa.open-in-view to disable this warning
2020-12-15 17:56:46 [main] INFO  org.springframework.scheduling.concurrent.ThreadPoolTaskExecutor -Initializing ExecutorService 'applicationTaskExecutor'
2020-12-15 17:56:46 [main] INFO  org.springframework.scheduling.concurrent.ThreadPoolTaskScheduler -Initializing ExecutorService 'taskScheduler'
2020-12-15 17:56:46 [main] INFO  org.apache.coyote.http11.Http11NioProtocol -Starting ProtocolHandler ["http-nio-8211"]
2020-12-15 17:56:46 [main] INFO  org.springframework.boot.web.embedded.tomcat.TomcatWebServer -Tomcat started on port(s): 8211 (http) with context path ''
2020-12-15 17:56:46 [main] INFO  com.software.nju.DataScreenApplication -Started DataScreenApplication in 2.448 seconds (JVM running for 2.718)
2020-12-15 17:56:57 [http-nio-8211-exec-1] INFO  org.apache.catalina.core.ContainerBase.[Tomcat].[localhost].[/] -Initializing Spring DispatcherServlet 'dispatcherServlet'
2020-12-15 17:56:57 [http-nio-8211-exec-1] INFO  org.springframework.web.servlet.DispatcherServlet -Initializing Servlet 'dispatcherServlet'
2020-12-15 17:56:57 [http-nio-8211-exec-1] INFO  org.springframework.web.servlet.DispatcherServlet -Completed initialization in 5 ms
2020-12-15 17:56:57 [http-nio-8211-exec-1] INFO  com.software.nju.WebSocket.WebsocketServerEndpoint -onOpen >> 链接成功
2020-12-15 17:56:57 [http-nio-8211-exec-1] INFO  com.software.nju.WebSocket.WebsocketServerEndpoint -有新窗口开始监听：1, 当前在线人数为：1
2020-12-15 17:56:57 [http-nio-8211-exec-1] ERROR com.software.nju.WebSocket.WebsocketServerEndpoint -java.lang.NullPointerException
2020-12-15 17:57:00 [scheduling-1] INFO  com.software.nju.Timer.SendMessageToWeb -发送数据
2020-12-15 17:57:03 [SpringContextShutdownHook] INFO  org.springframework.scheduling.concurrent.ThreadPoolTaskScheduler -Shutting down ExecutorService 'taskScheduler'
2020-12-15 17:57:03 [SpringContextShutdownHook] INFO  org.springframework.scheduling.concurrent.ThreadPoolTaskExecutor -Shutting down ExecutorService 'applicationTaskExecutor'
2020-12-15 17:57:03 [SpringContextShutdownHook] INFO  org.springframework.orm.jpa.LocalContainerEntityManagerFactoryBean -Closing JPA EntityManagerFactory for persistence unit 'default'
2020-12-15 17:57:03 [SpringContextShutdownHook] INFO  com.alibaba.druid.pool.DruidDataSource -{dataSource-1} closed
2020-12-15 17:57:03 [SpringContextShutdownHook] INFO  com.software.nju.WebSocket.WebsocketServerEndpoint -onClose >> 链接关闭
2020-12-15 17:57:03 [SpringContextShutdownHook] INFO  com.software.nju.WebSocket.WebsocketServerEndpoint -链接关闭，当前在线人数：0
